2018-05-13 19:37:56,806 INFO o.a.j.u.JMeterUtils: Setting Locale to en_US
2018-05-13 19:37:56,863 INFO o.a.j.JMeter: Loading user properties from: /Users/teck/Applications/apache-jmeter-4.0/bin/user.properties
2018-05-13 19:37:56,883 INFO o.a.j.JMeter: Loading system properties from: /Users/teck/Applications/apache-jmeter-4.0/bin/system.properties
2018-05-13 19:37:56,898 INFO o.a.j.JMeter: Copyright (c) 1998-2018 The Apache Software Foundation
2018-05-13 19:37:56,898 INFO o.a.j.JMeter: Version 4.0 r1823414
2018-05-13 19:37:56,898 INFO o.a.j.JMeter: java.version=1.8.0_162
2018-05-13 19:37:56,898 INFO o.a.j.JMeter: java.vm.name=Java HotSpot(TM) 64-Bit Server VM
2018-05-13 19:37:56,898 INFO o.a.j.JMeter: os.name=Mac OS X
2018-05-13 19:37:56,898 INFO o.a.j.JMeter: os.arch=x86_64
2018-05-13 19:37:56,898 INFO o.a.j.JMeter: os.version=10.13.4
2018-05-13 19:37:56,898 INFO o.a.j.JMeter: file.encoding=UTF-8
2018-05-13 19:37:56,898 INFO o.a.j.JMeter: Max memory     =3817865216
2018-05-13 19:37:56,898 INFO o.a.j.JMeter: Available Processors =4
2018-05-13 19:37:56,904 INFO o.a.j.JMeter: Default Locale=English (United States)
2018-05-13 19:37:56,904 INFO o.a.j.JMeter: JMeter  Locale=English (United States)
2018-05-13 19:37:56,904 INFO o.a.j.JMeter: JMeterHome=/Users/teck/Applications/apache-jmeter-4.0
2018-05-13 19:37:56,904 INFO o.a.j.JMeter: user.dir  =/Users/teck/Projects/IBM/Banksy/Samples/workflow-demo/restComponent
2018-05-13 19:37:56,905 INFO o.a.j.JMeter: PWD       =/Users/teck/Projects/IBM/Banksy/Samples/workflow-demo/restComponent
2018-05-13 19:37:56,906 INFO o.a.j.JMeter: IP: 192.168.1.215 Name: teck-iMac.fios-router.home FullName: teck-imac.fios-router.home
2018-05-13 19:37:59,223 INFO o.a.j.g.a.LookAndFeelCommand: Installing Darcula LAF
2018-05-13 19:37:59,239 INFO o.a.j.g.a.LookAndFeelCommand: Using look and feel: com.bulenkov.darcula.DarculaLaf [Darcula]
2018-05-13 19:37:59,239 INFO o.a.j.JMeter: Setting LAF to: com.bulenkov.darcula.DarculaLaf
2018-05-13 19:37:59,401 INFO o.a.j.JMeter: Loaded icon properties from org/apache/jmeter/images/icon.properties
2018-05-13 19:37:59,974 INFO o.a.j.e.u.CompoundVariable: Note: Function class names must contain the string: '.functions.'
2018-05-13 19:37:59,974 INFO o.a.j.e.u.CompoundVariable: Note: Function class names must not contain the string: '.gui.'
2018-05-13 19:38:01,825 INFO o.a.j.p.h.s.HTTPSamplerBase: Parser for text/html is org.apache.jmeter.protocol.http.parser.LagartoBasedHtmlParser
2018-05-13 19:38:01,825 INFO o.a.j.p.h.s.HTTPSamplerBase: Parser for application/xhtml+xml is org.apache.jmeter.protocol.http.parser.LagartoBasedHtmlParser
2018-05-13 19:38:01,825 INFO o.a.j.p.h.s.HTTPSamplerBase: Parser for application/xml is org.apache.jmeter.protocol.http.parser.LagartoBasedHtmlParser
2018-05-13 19:38:01,825 INFO o.a.j.p.h.s.HTTPSamplerBase: Parser for text/xml is org.apache.jmeter.protocol.http.parser.LagartoBasedHtmlParser
2018-05-13 19:38:01,825 INFO o.a.j.p.h.s.HTTPSamplerBase: Parser for text/vnd.wap.wml is org.apache.jmeter.protocol.http.parser.RegexpHTMLParser
2018-05-13 19:38:01,825 INFO o.a.j.p.h.s.HTTPSamplerBase: Parser for text/css is org.apache.jmeter.protocol.http.parser.CssParser
2018-05-13 19:38:02,141 INFO o.a.j.e.KeyToolUtils: keytool found at 'keytool'
2018-05-13 19:38:02,141 INFO o.a.j.p.h.p.ProxyControl: HTTP(S) Test Script Recorder SSL Proxy will use keys that support embedded 3rd party resources in file /Users/teck/Applications/apache-jmeter-4.0/bin/proxyserver.jks
2018-05-13 19:38:02,233 INFO o.a.j.s.FileServer: Default base='/Users/teck/Projects/IBM/Banksy/Samples/workflow-demo/restComponent'
2018-05-13 19:38:02,468 INFO o.a.j.s.SampleResult: Note: Sample TimeStamps are START times
2018-05-13 19:38:02,469 INFO o.a.j.s.SampleResult: sampleresult.default.encoding is set to ISO-8859-1
2018-05-13 19:38:02,469 INFO o.a.j.s.SampleResult: sampleresult.useNanoTime=true
2018-05-13 19:38:02,469 INFO o.a.j.s.SampleResult: sampleresult.nanoThreadSleep=5000
2018-05-13 19:38:16,518 INFO o.a.j.g.a.Load: Loading file: /Users/teck/Projects/IBM/Banksy/Samples/workflow-demo/restComponent/RestTestPlan.jmx
2018-05-13 19:38:16,518 INFO o.a.j.s.FileServer: Set new base='/Users/teck/Projects/IBM/Banksy/Samples/workflow-demo/restComponent'
2018-05-13 19:38:16,670 INFO o.a.j.s.SaveService: Testplan (JMX) version: 2.2. Testlog (JTL) version: 2.2
2018-05-13 19:38:16,690 INFO o.a.j.s.SaveService: Using SaveService properties file encoding UTF-8
2018-05-13 19:38:16,691 INFO o.a.j.s.SaveService: Using SaveService properties version 4.0
2018-05-13 19:38:16,693 INFO o.a.j.s.SaveService: Loading file: /Users/teck/Projects/IBM/Banksy/Samples/workflow-demo/restComponent/RestTestPlan.jmx
2018-05-13 19:38:16,774 INFO o.a.j.s.FileServer: Set new base='/Users/teck/Projects/IBM/Banksy/Samples/workflow-demo/restComponent'
2018-05-13 19:38:22,760 INFO o.a.j.e.StandardJMeterEngine: Running the test!
2018-05-13 19:38:22,761 INFO o.a.j.s.SampleEvent: List of sample_variables: []
2018-05-13 19:38:22,761 INFO o.a.j.s.SampleEvent: List of sample_variables: []
2018-05-13 19:38:22,765 INFO o.a.j.g.u.JMeterMenuBar: setRunning(true, *local*)
2018-05-13 19:38:22,867 INFO o.a.j.e.StandardJMeterEngine: Starting ThreadGroup: 1 : Thread Group
2018-05-13 19:38:22,868 INFO o.a.j.e.StandardJMeterEngine: Starting 50 threads for group Thread Group.
2018-05-13 19:38:22,868 INFO o.a.j.e.StandardJMeterEngine: Thread will continue on error
2018-05-13 19:38:22,868 INFO o.a.j.t.ThreadGroup: Starting thread group... number=1 threads=50 ramp-up=1 perThread=20.0 delayedStart=false
2018-05-13 19:38:22,871 INFO o.a.j.t.JMeterThread: Thread started: Thread Group 1-1
2018-05-13 19:38:22,891 INFO o.a.j.p.h.s.HTTPHCAbstractImpl: Local host = teck-iMac.fios-router.home
2018-05-13 19:38:22,891 INFO o.a.j.t.JMeterThread: Thread started: Thread Group 1-2
2018-05-13 19:38:22,892 INFO o.a.j.t.ThreadGroup: Started thread group number 1
2018-05-13 19:38:22,892 INFO o.a.j.e.StandardJMeterEngine: All thread groups have been started
2018-05-13 19:38:22,895 INFO o.a.j.p.h.s.HTTPHC4Impl: HTTP request retry count = 0
2018-05-13 19:38:22,914 INFO o.a.j.t.JMeterThread: Thread started: Thread Group 1-3
2018-05-13 19:38:22,935 INFO o.a.j.t.JMeterThread: Thread started: Thread Group 1-4
2018-05-13 19:38:22,956 INFO o.a.j.t.JMeterThread: Thread started: Thread Group 1-5
2018-05-13 19:38:22,979 INFO o.a.j.t.JMeterThread: Thread started: Thread Group 1-6
2018-05-13 19:38:22,995 INFO o.a.j.t.JMeterThread: Thread started: Thread Group 1-7
2018-05-13 19:38:23,019 INFO o.a.j.t.JMeterThread: Thread started: Thread Group 1-8
2018-05-13 19:38:23,035 INFO o.a.j.t.JMeterThread: Thread started: Thread Group 1-9
2018-05-13 19:38:23,058 INFO o.a.j.t.JMeterThread: Thread started: Thread Group 1-10
2018-05-13 19:38:23,079 INFO o.a.j.t.JMeterThread: Thread started: Thread Group 1-11
2018-05-13 19:38:23,099 INFO o.a.j.t.JMeterThread: Thread started: Thread Group 1-12
2018-05-13 19:38:23,123 INFO o.a.j.t.JMeterThread: Thread started: Thread Group 1-13
2018-05-13 19:38:23,139 INFO o.a.j.t.JMeterThread: Thread started: Thread Group 1-14
2018-05-13 19:38:23,159 INFO o.a.j.t.JMeterThread: Thread started: Thread Group 1-15
2018-05-13 19:38:23,181 INFO o.a.j.t.JMeterThread: Thread started: Thread Group 1-16
2018-05-13 19:38:23,200 INFO o.a.j.t.JMeterThread: Thread started: Thread Group 1-17
2018-05-13 19:38:23,223 INFO o.a.j.t.JMeterThread: Thread started: Thread Group 1-18
2018-05-13 19:38:23,240 INFO o.a.j.t.JMeterThread: Thread started: Thread Group 1-19
2018-05-13 19:38:23,264 INFO o.a.j.t.JMeterThread: Thread started: Thread Group 1-20
2018-05-13 19:38:23,282 INFO o.a.j.t.JMeterThread: Thread started: Thread Group 1-21
2018-05-13 19:38:23,301 INFO o.a.j.t.JMeterThread: Thread started: Thread Group 1-22
2018-05-13 19:38:23,322 INFO o.a.j.t.JMeterThread: Thread started: Thread Group 1-23
2018-05-13 19:38:23,342 INFO o.a.j.t.JMeterThread: Thread started: Thread Group 1-24
2018-05-13 19:38:23,365 INFO o.a.j.t.JMeterThread: Thread started: Thread Group 1-25
2018-05-13 19:38:23,383 INFO o.a.j.t.JMeterThread: Thread started: Thread Group 1-26
2018-05-13 19:38:23,406 INFO o.a.j.t.JMeterThread: Thread started: Thread Group 1-27
2018-05-13 19:38:23,424 INFO o.a.j.t.JMeterThread: Thread started: Thread Group 1-28
2018-05-13 19:38:23,444 INFO o.a.j.t.JMeterThread: Thread started: Thread Group 1-29
2018-05-13 19:38:23,467 INFO o.a.j.t.JMeterThread: Thread started: Thread Group 1-30
2018-05-13 19:38:23,486 INFO o.a.j.t.JMeterThread: Thread started: Thread Group 1-31
2018-05-13 19:38:23,505 INFO o.a.j.t.JMeterThread: Thread started: Thread Group 1-32
2018-05-13 19:38:23,526 INFO o.a.j.t.JMeterThread: Thread started: Thread Group 1-33
2018-05-13 19:38:23,547 INFO o.a.j.t.JMeterThread: Thread started: Thread Group 1-34
2018-05-13 19:38:23,567 INFO o.a.j.t.JMeterThread: Thread started: Thread Group 1-35
2018-05-13 19:38:23,590 INFO o.a.j.t.JMeterThread: Thread started: Thread Group 1-36
2018-05-13 19:38:23,609 INFO o.a.j.t.JMeterThread: Thread started: Thread Group 1-37
2018-05-13 19:38:23,629 INFO o.a.j.t.JMeterThread: Thread started: Thread Group 1-38
2018-05-13 19:38:23,649 INFO o.a.j.t.JMeterThread: Thread started: Thread Group 1-39
2018-05-13 19:38:23,670 INFO o.a.j.t.JMeterThread: Thread started: Thread Group 1-40
2018-05-13 19:38:23,690 INFO o.a.j.t.JMeterThread: Thread started: Thread Group 1-41
2018-05-13 19:38:23,710 INFO o.a.j.t.JMeterThread: Thread started: Thread Group 1-42
2018-05-13 19:38:23,732 INFO o.a.j.t.JMeterThread: Thread started: Thread Group 1-43
2018-05-13 19:38:23,751 INFO o.a.j.t.JMeterThread: Thread started: Thread Group 1-44
2018-05-13 19:38:23,773 INFO o.a.j.t.JMeterThread: Thread started: Thread Group 1-45
2018-05-13 19:38:23,791 INFO o.a.j.t.JMeterThread: Thread started: Thread Group 1-46
2018-05-13 19:38:23,815 INFO o.a.j.t.JMeterThread: Thread started: Thread Group 1-47
2018-05-13 19:38:23,831 INFO o.a.j.t.JMeterThread: Thread started: Thread Group 1-48
2018-05-13 19:38:23,852 INFO o.a.j.t.JMeterThread: Thread started: Thread Group 1-49
2018-05-13 19:38:23,874 INFO o.a.j.t.JMeterThread: Thread started: Thread Group 1-50
2018-05-13 19:40:19,768 INFO o.a.j.g.a.Start: Stopping test
2018-05-13 19:40:19,793 INFO o.a.j.t.JMeterThread: Stopping: Thread Group 1-22
2018-05-13 19:40:19,793 WARN o.a.j.t.JMeterThread: Interrupting: Thread Group 1-22 sampler: HTTP Request
2018-05-13 19:40:19,797 INFO o.a.j.t.JMeterThread: Stopping: Thread Group 1-44
2018-05-13 19:40:19,797 WARN o.a.j.t.JMeterThread: Interrupting: Thread Group 1-44 sampler: HTTP Request
2018-05-13 19:40:19,799 INFO o.a.j.t.JMeterThread: Thread finished: Thread Group 1-22
2018-05-13 19:40:19,799 INFO o.a.j.t.JMeterThread: Stopping: Thread Group 1-43
2018-05-13 19:40:19,800 WARN o.a.j.t.JMeterThread: Interrupting: Thread Group 1-43 sampler: HTTP Request
2018-05-13 19:40:19,802 INFO o.a.j.t.JMeterThread: Thread finished: Thread Group 1-44
2018-05-13 19:40:19,804 INFO o.a.j.t.JMeterThread: Stopping: Thread Group 1-18
2018-05-13 19:40:19,804 WARN o.a.j.t.JMeterThread: Interrupting: Thread Group 1-18 sampler: HTTP Request
2018-05-13 19:40:19,808 INFO o.a.j.t.JMeterThread: Thread finished: Thread Group 1-43
2018-05-13 19:40:19,814 INFO o.a.j.t.JMeterThread: Stopping: Thread Group 1-27
2018-05-13 19:40:19,814 WARN o.a.j.t.JMeterThread: Interrupting: Thread Group 1-27 sampler: HTTP Request
2018-05-13 19:40:19,816 INFO o.a.j.t.JMeterThread: Stopping: Thread Group 1-10
2018-05-13 19:40:19,816 INFO o.a.j.t.JMeterThread: Thread finished: Thread Group 1-18
2018-05-13 19:40:19,816 WARN o.a.j.t.JMeterThread: Interrupting: Thread Group 1-10 sampler: HTTP Request
2018-05-13 19:40:19,818 INFO o.a.j.t.JMeterThread: Thread finished: Thread Group 1-27
2018-05-13 19:40:19,818 INFO o.a.j.t.JMeterThread: Stopping: Thread Group 1-2
2018-05-13 19:40:19,818 WARN o.a.j.t.JMeterThread: Interrupting: Thread Group 1-2 sampler: HTTP Request
2018-05-13 19:40:19,819 INFO o.a.j.t.JMeterThread: Stopping: Thread Group 1-25
2018-05-13 19:40:19,819 WARN o.a.j.t.JMeterThread: Interrupting: Thread Group 1-25 sampler: HTTP Request
2018-05-13 19:40:19,819 INFO o.a.j.t.JMeterThread: Thread finished: Thread Group 1-10
2018-05-13 19:40:19,820 INFO o.a.j.t.JMeterThread: Thread finished: Thread Group 1-2
2018-05-13 19:40:19,820 INFO o.a.j.t.JMeterThread: Stopping: Thread Group 1-11
2018-05-13 19:40:19,820 WARN o.a.j.t.JMeterThread: Interrupting: Thread Group 1-11 sampler: HTTP Request
2018-05-13 19:40:19,823 INFO o.a.j.t.JMeterThread: Stopping: Thread Group 1-26
2018-05-13 19:40:19,823 INFO o.a.j.t.JMeterThread: Thread finished: Thread Group 1-25
2018-05-13 19:40:19,823 WARN o.a.j.t.JMeterThread: Interrupting: Thread Group 1-26 sampler: HTTP Request
2018-05-13 19:40:19,824 INFO o.a.j.t.JMeterThread: Stopping: Thread Group 1-34
2018-05-13 19:40:19,824 WARN o.a.j.t.JMeterThread: Interrupting: Thread Group 1-34 sampler: HTTP Request
2018-05-13 19:40:19,824 INFO o.a.j.t.JMeterThread: Stopping: Thread Group 1-19
2018-05-13 19:40:19,824 WARN o.a.j.t.JMeterThread: Interrupting: Thread Group 1-19 sampler: HTTP Request
2018-05-13 19:40:19,825 INFO o.a.j.t.JMeterThread: Thread finished: Thread Group 1-11
2018-05-13 19:40:19,825 INFO o.a.j.t.JMeterThread: Thread finished: Thread Group 1-26
2018-05-13 19:40:19,826 INFO o.a.j.t.JMeterThread: Stopping: Thread Group 1-39
2018-05-13 19:40:19,826 WARN o.a.j.t.JMeterThread: Interrupting: Thread Group 1-39 sampler: HTTP Request
2018-05-13 19:40:19,826 INFO o.a.j.t.JMeterThread: Stopping: Thread Group 1-35
2018-05-13 19:40:19,826 WARN o.a.j.t.JMeterThread: Interrupting: Thread Group 1-35 sampler: HTTP Request
2018-05-13 19:40:19,826 INFO o.a.j.t.JMeterThread: Thread finished: Thread Group 1-34
2018-05-13 19:40:19,826 INFO o.a.j.t.JMeterThread: Thread finished: Thread Group 1-19
2018-05-13 19:40:19,827 INFO o.a.j.t.JMeterThread: Stopping: Thread Group 1-14
2018-05-13 19:40:19,827 WARN o.a.j.t.JMeterThread: Interrupting: Thread Group 1-14 sampler: HTTP Request
2018-05-13 19:40:19,827 INFO o.a.j.t.JMeterThread: Thread finished: Thread Group 1-39
2018-05-13 19:40:19,828 INFO o.a.j.t.JMeterThread: Thread finished: Thread Group 1-35
2018-05-13 19:40:19,828 INFO o.a.j.t.JMeterThread: Thread finished: Thread Group 1-14
2018-05-13 19:40:19,828 INFO o.a.j.t.JMeterThread: Stopping: Thread Group 1-17
2018-05-13 19:40:19,829 WARN o.a.j.t.JMeterThread: Interrupting: Thread Group 1-17 sampler: HTTP Request
2018-05-13 19:40:19,829 INFO o.a.j.t.JMeterThread: Stopping: Thread Group 1-8
2018-05-13 19:40:19,829 WARN o.a.j.t.JMeterThread: Interrupting: Thread Group 1-8 sampler: HTTP Request
2018-05-13 19:40:19,830 INFO o.a.j.t.JMeterThread: Thread finished: Thread Group 1-17
2018-05-13 19:40:19,830 INFO o.a.j.t.JMeterThread: Stopping: Thread Group 1-41
2018-05-13 19:40:19,830 WARN o.a.j.t.JMeterThread: Interrupting: Thread Group 1-41 sampler: HTTP Request
2018-05-13 19:40:19,831 INFO o.a.j.t.JMeterThread: Stopping: Thread Group 1-42
2018-05-13 19:40:19,831 WARN o.a.j.t.JMeterThread: Interrupting: Thread Group 1-42 sampler: HTTP Request
2018-05-13 19:40:19,831 INFO o.a.j.t.JMeterThread: Thread finished: Thread Group 1-8
2018-05-13 19:40:19,832 INFO o.a.j.t.JMeterThread: Stopping: Thread Group 1-24
2018-05-13 19:40:19,832 INFO o.a.j.t.JMeterThread: Thread finished: Thread Group 1-41
2018-05-13 19:40:19,832 WARN o.a.j.t.JMeterThread: Interrupting: Thread Group 1-24 sampler: HTTP Request
2018-05-13 19:40:19,833 INFO o.a.j.t.JMeterThread: Stopping: Thread Group 1-9
2018-05-13 19:40:19,833 INFO o.a.j.t.JMeterThread: Thread finished: Thread Group 1-42
2018-05-13 19:40:19,834 WARN o.a.j.t.JMeterThread: Interrupting: Thread Group 1-9 sampler: HTTP Request
2018-05-13 19:40:19,834 INFO o.a.j.t.JMeterThread: Stopping: Thread Group 1-33
2018-05-13 19:40:19,834 WARN o.a.j.t.JMeterThread: Interrupting: Thread Group 1-33 sampler: HTTP Request
2018-05-13 19:40:19,835 INFO o.a.j.t.JMeterThread: Stopping: Thread Group 1-15
2018-05-13 19:40:19,835 WARN o.a.j.t.JMeterThread: Interrupting: Thread Group 1-15 sampler: HTTP Request
2018-05-13 19:40:19,835 INFO o.a.j.t.JMeterThread: Thread finished: Thread Group 1-9
2018-05-13 19:40:19,836 INFO o.a.j.t.JMeterThread: Thread finished: Thread Group 1-24
2018-05-13 19:40:19,836 INFO o.a.j.t.JMeterThread: Stopping: Thread Group 1-16
2018-05-13 19:40:19,837 WARN o.a.j.t.JMeterThread: Interrupting: Thread Group 1-16 sampler: HTTP Request
2018-05-13 19:40:19,837 INFO o.a.j.t.JMeterThread: Thread finished: Thread Group 1-33
2018-05-13 19:40:19,837 INFO o.a.j.t.JMeterThread: Stopping: Thread Group 1-49
2018-05-13 19:40:19,837 WARN o.a.j.t.JMeterThread: Interrupting: Thread Group 1-49 sampler: HTTP Request
2018-05-13 19:40:19,838 INFO o.a.j.t.JMeterThread: Thread finished: Thread Group 1-16
2018-05-13 19:40:19,839 INFO o.a.j.t.JMeterThread: Stopping: Thread Group 1-40
2018-05-13 19:40:19,839 WARN o.a.j.t.JMeterThread: Interrupting: Thread Group 1-40 sampler: HTTP Request
2018-05-13 19:40:19,839 INFO o.a.j.t.JMeterThread: Thread finished: Thread Group 1-15
2018-05-13 19:40:19,842 INFO o.a.j.t.JMeterThread: Stopping: Thread Group 1-30
2018-05-13 19:40:19,843 WARN o.a.j.t.JMeterThread: Interrupting: Thread Group 1-30 sampler: HTTP Request
2018-05-13 19:40:19,843 INFO o.a.j.t.JMeterThread: Stopping: Thread Group 1-23
2018-05-13 19:40:19,843 WARN o.a.j.t.JMeterThread: Interrupting: Thread Group 1-23 sampler: HTTP Request
2018-05-13 19:40:19,843 INFO o.a.j.t.JMeterThread: Thread finished: Thread Group 1-49
2018-05-13 19:40:19,843 INFO o.a.j.t.JMeterThread: Stopping: Thread Group 1-20
2018-05-13 19:40:19,843 INFO o.a.j.t.JMeterThread: Thread finished: Thread Group 1-30
2018-05-13 19:40:19,843 WARN o.a.j.t.JMeterThread: Interrupting: Thread Group 1-20 sampler: HTTP Request
2018-05-13 19:40:19,844 INFO o.a.j.t.JMeterThread: Thread finished: Thread Group 1-40
2018-05-13 19:40:19,845 INFO o.a.j.t.JMeterThread: Thread finished: Thread Group 1-23
2018-05-13 19:40:19,845 INFO o.a.j.t.JMeterThread: Stopping: Thread Group 1-29
2018-05-13 19:40:19,846 WARN o.a.j.t.JMeterThread: Interrupting: Thread Group 1-29 sampler: HTTP Request
2018-05-13 19:40:19,846 INFO o.a.j.t.JMeterThread: Stopping: Thread Group 1-31
2018-05-13 19:40:19,846 WARN o.a.j.t.JMeterThread: Interrupting: Thread Group 1-31 sampler: HTTP Request
2018-05-13 19:40:19,847 INFO o.a.j.t.JMeterThread: Thread finished: Thread Group 1-29
2018-05-13 19:40:19,849 INFO o.a.j.t.JMeterThread: Stopping: Thread Group 1-5
2018-05-13 19:40:19,849 WARN o.a.j.t.JMeterThread: Interrupting: Thread Group 1-5 sampler: HTTP Request
2018-05-13 19:40:19,849 INFO o.a.j.t.JMeterThread: Thread finished: Thread Group 1-20
2018-05-13 19:40:19,850 INFO o.a.j.t.JMeterThread: Stopping: Thread Group 1-13
2018-05-13 19:40:19,850 INFO o.a.j.t.JMeterThread: Thread finished: Thread Group 1-5
2018-05-13 19:40:19,850 INFO o.a.j.t.JMeterThread: Thread finished: Thread Group 1-31
2018-05-13 19:40:19,850 WARN o.a.j.t.JMeterThread: Interrupting: Thread Group 1-13 sampler: HTTP Request
2018-05-13 19:40:19,856 INFO o.a.j.t.JMeterThread: Stopping: Thread Group 1-12
2018-05-13 19:40:19,856 WARN o.a.j.t.JMeterThread: Interrupting: Thread Group 1-12 sampler: HTTP Request
2018-05-13 19:40:19,857 INFO o.a.j.t.JMeterThread: Stopping: Thread Group 1-7
2018-05-13 19:40:19,857 WARN o.a.j.t.JMeterThread: Interrupting: Thread Group 1-7 sampler: HTTP Request
2018-05-13 19:40:19,857 INFO o.a.j.t.JMeterThread: Thread finished: Thread Group 1-13
2018-05-13 19:40:19,857 INFO o.a.j.t.JMeterThread: Stopping: Thread Group 1-48
2018-05-13 19:40:19,858 WARN o.a.j.t.JMeterThread: Interrupting: Thread Group 1-48 sampler: HTTP Request
2018-05-13 19:40:19,858 INFO o.a.j.t.JMeterThread: Stopping: Thread Group 1-28
2018-05-13 19:40:19,858 WARN o.a.j.t.JMeterThread: Interrupting: Thread Group 1-28 sampler: HTTP Request
2018-05-13 19:40:19,858 INFO o.a.j.t.JMeterThread: Thread finished: Thread Group 1-12
2018-05-13 19:40:19,859 INFO o.a.j.t.JMeterThread: Thread finished: Thread Group 1-48
2018-05-13 19:40:19,859 INFO o.a.j.t.JMeterThread: Stopping: Thread Group 1-37
2018-05-13 19:40:19,859 WARN o.a.j.t.JMeterThread: Interrupting: Thread Group 1-37 sampler: HTTP Request
2018-05-13 19:40:19,860 INFO o.a.j.t.JMeterThread: Stopping: Thread Group 1-3
2018-05-13 19:40:19,860 WARN o.a.j.t.JMeterThread: Interrupting: Thread Group 1-3 sampler: HTTP Request
2018-05-13 19:40:19,860 INFO o.a.j.t.JMeterThread: Thread finished: Thread Group 1-28
2018-05-13 19:40:19,860 INFO o.a.j.t.JMeterThread: Thread finished: Thread Group 1-7
2018-05-13 19:40:19,860 INFO o.a.j.t.JMeterThread: Stopping: Thread Group 1-38
2018-05-13 19:40:19,860 WARN o.a.j.t.JMeterThread: Interrupting: Thread Group 1-38 sampler: HTTP Request
2018-05-13 19:40:19,861 INFO o.a.j.t.JMeterThread: Stopping: Thread Group 1-50
2018-05-13 19:40:19,861 INFO o.a.j.t.JMeterThread: Thread finished: Thread Group 1-37
2018-05-13 19:40:19,861 WARN o.a.j.t.JMeterThread: Interrupting: Thread Group 1-50 sampler: HTTP Request
2018-05-13 19:40:19,861 INFO o.a.j.t.JMeterThread: Stopping: Thread Group 1-46
2018-05-13 19:40:19,861 WARN o.a.j.t.JMeterThread: Interrupting: Thread Group 1-46 sampler: HTTP Request
2018-05-13 19:40:19,862 INFO o.a.j.t.JMeterThread: Stopping: Thread Group 1-47
2018-05-13 19:40:19,862 WARN o.a.j.t.JMeterThread: Interrupting: Thread Group 1-47 sampler: HTTP Request
2018-05-13 19:40:19,862 INFO o.a.j.t.JMeterThread: Thread finished: Thread Group 1-38
2018-05-13 19:40:19,862 INFO o.a.j.t.JMeterThread: Thread finished: Thread Group 1-46
2018-05-13 19:40:19,862 INFO o.a.j.t.JMeterThread: Stopping: Thread Group 1-1
2018-05-13 19:40:19,862 WARN o.a.j.t.JMeterThread: Interrupting: Thread Group 1-1 sampler: HTTP Request
2018-05-13 19:40:19,862 INFO o.a.j.t.JMeterThread: Thread finished: Thread Group 1-50
2018-05-13 19:40:19,863 INFO o.a.j.t.JMeterThread: Thread finished: Thread Group 1-3
2018-05-13 19:40:19,863 INFO o.a.j.t.JMeterThread: Thread finished: Thread Group 1-47
2018-05-13 19:40:19,863 INFO o.a.j.t.JMeterThread: Stopping: Thread Group 1-36
2018-05-13 19:40:19,863 WARN o.a.j.t.JMeterThread: Interrupting: Thread Group 1-36 sampler: HTTP Request
2018-05-13 19:40:19,863 INFO o.a.j.t.JMeterThread: Thread finished: Thread Group 1-1
2018-05-13 19:40:19,864 INFO o.a.j.t.JMeterThread: Stopping: Thread Group 1-6
2018-05-13 19:40:19,864 WARN o.a.j.t.JMeterThread: Interrupting: Thread Group 1-6 sampler: HTTP Request
2018-05-13 19:40:19,864 INFO o.a.j.t.JMeterThread: Thread finished: Thread Group 1-36
2018-05-13 19:40:19,864 INFO o.a.j.t.JMeterThread: Stopping: Thread Group 1-4
2018-05-13 19:40:19,864 WARN o.a.j.t.JMeterThread: Interrupting: Thread Group 1-4 sampler: HTTP Request
2018-05-13 19:40:19,865 INFO o.a.j.t.JMeterThread: Thread finished: Thread Group 1-6
2018-05-13 19:40:19,865 INFO o.a.j.t.JMeterThread: Stopping: Thread Group 1-45
2018-05-13 19:40:19,865 WARN o.a.j.t.JMeterThread: Interrupting: Thread Group 1-45 sampler: HTTP Request
2018-05-13 19:40:19,866 INFO o.a.j.t.JMeterThread: Stopping: Thread Group 1-21
2018-05-13 19:40:19,866 WARN o.a.j.t.JMeterThread: Interrupting: Thread Group 1-21 sampler: HTTP Request
2018-05-13 19:40:19,866 INFO o.a.j.t.JMeterThread: Stopping: Thread Group 1-32
2018-05-13 19:40:19,866 WARN o.a.j.t.JMeterThread: Interrupting: Thread Group 1-32 sampler: HTTP Request
2018-05-13 19:40:19,866 INFO o.a.j.t.JMeterThread: Thread finished: Thread Group 1-4
2018-05-13 19:40:19,866 INFO o.a.j.t.JMeterThread: Thread finished: Thread Group 1-45
2018-05-13 19:40:19,866 INFO o.a.j.t.JMeterThread: Thread finished: Thread Group 1-32
2018-05-13 19:40:19,866 INFO o.a.j.t.JMeterThread: Thread finished: Thread Group 1-21
2018-05-13 19:40:19,867 INFO o.a.j.e.StandardJMeterEngine: Notifying test listeners of end of test
2018-05-13 19:40:19,867 INFO o.a.j.g.u.JMeterMenuBar: setRunning(false, *local*)
